生成启动时间为 2017/6/14 18:18:41。
     1>项目“E:\github\DesignPattern\CreatorPattern\CreatorPattern.vcxproj”在节点 4 上(Build 个目标)。
     1>ClCompile:
         D:\Program Files (x86)\Microsoft Visual Studio 12.0\VC\bin\CL.exe /c /ZI /nologo /W3 /WX- /sdl /Od /Oy- /D WIN32 /D _DEBUG /D _CONSOLE /D _LIB /D _UNICODE /D UNICODE /Gm /EHsc /RTC1 /MDd /GS /fp:precise /Zc:wchar_t /Zc:forScope /Yc"stdafx.h" /Fp"Debug\CreatorPattern.pch" /Fo"Debug\\" /Fd"Debug\vc120.pdb" /Gd /TP /analyze- /errorReport:prompt stdafx.cpp
         stdafx.cpp
         D:\Program Files (x86)\Microsoft Visual Studio 12.0\VC\bin\CL.exe /c /ZI /nologo /W3 /WX- /sdl /Od /Oy- /D WIN32 /D _DEBUG /D _CONSOLE /D _LIB /D _UNICODE /D UNICODE /Gm /EHsc /RTC1 /MDd /GS /fp:precise /Zc:wchar_t /Zc:forScope /Yu"stdafx.h" /Fp"Debug\CreatorPattern.pch" /Fo"Debug\\" /Fd"Debug\vc120.pdb" /Gd /TP /analyze- /errorReport:prompt AbstractFactory.cpp AbstractProduct.cpp Builder.cpp CreatorPattern.cpp Director.cpp Factory.cpp Prod.cpp Product.cpp Prototype.cpp Singleton.cpp
         Singleton.cpp
         Prototype.cpp
         Product.cpp
         Prod.cpp
         Factory.cpp
         Director.cpp
         CreatorPattern.cpp
         Builder.cpp
         AbstractProduct.cpp
         AbstractFactory.cpp
         正在生成代码...
       Link:
         D:\Program Files (x86)\Microsoft Visual Studio 12.0\VC\bin\link.exe /ERRORREPORT:PROMPT /OUT:"E:\github\DesignPattern\Debug\CreatorPattern.exe" /INCREMENTAL /NOLOGO kernel32.lib user32.lib gdi32.lib winspool.lib comdlg32.lib advapi32.lib shell32.lib ole32.lib oleaut32.lib uuid.lib odbc32.lib odbccp32.lib /MANIFEST /MANIFESTUAC:"level='asInvoker' uiAccess='false'" /manifest:embed /DEBUG /PDB:"E:\github\DesignPattern\Debug\CreatorPattern.pdb" /SUBSYSTEM:CONSOLE /TLBID:1 /DYNAMICBASE /NXCOMPAT /IMPLIB:"E:\github\DesignPattern\Debug\CreatorPattern.lib" /MACHINE:X86 Debug\AbstractFactory.obj
         Debug\AbstractProduct.obj
         Debug\Builder.obj
         Debug\CreatorPattern.obj
         Debug\Director.obj
         Debug\Factory.obj
         Debug\Prod.obj
         Debug\Product.obj
         Debug\Prototype.obj
         Debug\Singleton.obj
         Debug\stdafx.obj
         CreatorPattern.vcxproj -> E:\github\DesignPattern\Debug\CreatorPattern.exe
     1>已完成生成项目“E:\github\DesignPattern\CreatorPattern\CreatorPattern.vcxproj”(Build 个目标)的操作。

生成成功。

已用时间 00:00:09.26
