c:\users\berlin\documents\visual studio 2013\projects\designpattern\creatorpattern\debug\creatorpattern.pch
c:\users\berlin\documents\visual studio 2013\projects\designpattern\creatorpattern\debug\vc120.pdb
c:\users\berlin\documents\visual studio 2013\projects\designpattern\creatorpattern\debug\vc120.idb
c:\users\berlin\documents\visual studio 2013\projects\designpattern\creatorpattern\debug\stdafx.obj
c:\users\berlin\documents\visual studio 2013\projects\designpattern\creatorpattern\debug\abstractfactory.obj
c:\users\berlin\documents\visual studio 2013\projects\designpattern\creatorpattern\debug\abstractproduct.obj
c:\users\berlin\documents\visual studio 2013\projects\designpattern\creatorpattern\debug\builder.obj
c:\users\berlin\documents\visual studio 2013\projects\designpattern\creatorpattern\debug\creatorpattern.obj
c:\users\berlin\documents\visual studio 2013\projects\designpattern\creatorpattern\debug\director.obj
c:\users\berlin\documents\visual studio 2013\projects\designpattern\creatorpattern\debug\factory.obj
c:\users\berlin\documents\visual studio 2013\projects\designpattern\creatorpattern\debug\prod.obj
c:\users\berlin\documents\visual studio 2013\projects\designpattern\creatorpattern\debug\product.obj
c:\users\berlin\documents\visual studio 2013\projects\designpattern\creatorpattern\debug\prototype.obj
c:\users\berlin\documents\visual studio 2013\projects\designpattern\creatorpattern\debug\singleton.obj
c:\users\berlin\documents\visual studio 2013\projects\designpattern\debug\creatorpattern.ilk
c:\users\berlin\documents\visual studio 2013\projects\designpattern\debug\creatorpattern.exe
c:\users\berlin\documents\visual studio 2013\projects\designpattern\debug\creatorpattern.pdb
c:\users\berlin\documents\visual studio 2013\projects\designpattern\creatorpattern\debug\creatorpattern.tlog\cl.command.1.tlog
c:\users\berlin\documents\visual studio 2013\projects\designpattern\creatorpattern\debug\creatorpattern.tlog\cl.read.1.tlog
c:\users\berlin\documents\visual studio 2013\projects\designpattern\creatorpattern\debug\creatorpattern.tlog\cl.write.1.tlog
c:\users\berlin\documents\visual studio 2013\projects\designpattern\creatorpattern\debug\creatorpattern.tlog\link.command.1.tlog
c:\users\berlin\documents\visual studio 2013\projects\designpattern\creatorpattern\debug\creatorpattern.tlog\link.read.1.tlog
c:\users\berlin\documents\visual studio 2013\projects\designpattern\creatorpattern\debug\creatorpattern.tlog\link.write.1.tlog
